"../../../Engine/Content/Functions/Engine_MaterialFunctions02/Utility/VectorLength.uasset" 0
"../../../Engine/Content/Functions/Engine_MaterialFunctions02/Utility/VectorLength.uexp" 1
"../../../Engine/Content/Functions/Engine_MaterialFunctions02/WorldPositionOffset/V2/ObjectScale.uasset" 2
"../../../Engine/Content/Functions/Engine_MaterialFunctions02/WorldPositionOffset/V2/ObjectScale.uexp" 3
"../../../Engine/Content/MapTemplates/TilingNoise05.uasset" 4
"../../../Engine/Content/MapTemplates/TilingNoise05.uexp" 5
"../../../Engine/Content/MapTemplates/TilingNoise05.ubulk" 6
"../../../Engine/Content/Functions/Engine_MaterialFunctions01/WorldPositionOffset/SimpleGrassWind.uasset" 7
"../../../Engine/Content/Functions/Engine_MaterialFunctions01/WorldPositionOffset/SimpleGrassWind.uexp" 8
"C:/Users/Georges/Documents/Unreal Projects/ProjectMyrmidon/Content/Art/Mats/M_RopeLines.uasset" 9
"C:/Users/Georges/Documents/Unreal Projects/ProjectMyrmidon/Content/Art/Mats/M_RopeLines.uexp" 10
"../../../Engine/Content/EngineDebugMaterials/CASC_Cross.uasset" 11
"../../../Engine/Content/EngineDebugMaterials/CASC_Cross.uexp" 12
"C:/Users/Georges/Documents/Unreal Projects/ProjectMyrmidon/Content/Art/Mats/M_Fiber.uasset" 13
"C:/Users/Georges/Documents/Unreal Projects/ProjectMyrmidon/Content/Art/Mats/M_Fiber.uexp" 14
"C:/Users/Georges/Documents/Unreal Projects/ProjectMyrmidon/Content/Art/Mats/M_Wood.uasset" 15
"C:/Users/Georges/Documents/Unreal Projects/ProjectMyrmidon/Content/Art/Mats/M_Wood.uexp" 16
"C:/Users/Georges/Documents/Unreal Projects/ProjectMyrmidon/Content/Art/Meshes/BoatThing.uasset" 17
"C:/Users/Georges/Documents/Unreal Projects/ProjectMyrmidon/Content/Art/Meshes/BoatThing.uexp" 18
"C:/Users/Georges/Documents/Unreal Projects/ProjectMyrmidon/Content/Art/Meshes/CenterRotator.uasset" 19
"C:/Users/Georges/Documents/Unreal Projects/ProjectMyrmidon/Content/Art/Meshes/CenterRotator.uexp" 20
"C:/Users/Georges/Documents/Unreal Projects/ProjectMyrmidon/Content/Art/Meshes/SM_MERGED_BoatPiece1.uasset" 21
"C:/Users/Georges/Documents/Unreal Projects/ProjectMyrmidon/Content/Art/Meshes/SM_MERGED_BoatPiece1.uexp" 22
"../../../Engine/Content/Tutorial/SubEditors/TutorialAssets/T_soft_smoke.uasset" 23
"../../../Engine/Content/Tutorial/SubEditors/TutorialAssets/T_soft_smoke.uexp" 24
"../../../Engine/Content/Tutorial/SubEditors/TutorialAssets/T_soft_smoke.ubulk" 25
"../../../Engine/Content/Functions/Engine_MaterialFunctions02/Utility/VectorToRadialValue.uasset" 26
"../../../Engine/Content/Functions/Engine_MaterialFunctions02/Utility/VectorToRadialValue.uexp" 27
"../../../Engine/Content/Functions/Engine_MaterialFunctions02/Texturing/CustomRotator.uasset" 28
"../../../Engine/Content/Functions/Engine_MaterialFunctions02/Texturing/CustomRotator.uexp" 29
"../../../Engine/Content/Functions/Engine_MaterialFunctions01/Density/ExponentialDensity.uasset" 30
"../../../Engine/Content/Functions/Engine_MaterialFunctions01/Density/ExponentialDensity.uexp" 31
"../../../Engine/Content/Functions/Engine_MaterialFunctions01/Gradient/RadialGradientExponential.uasset" 32
"../../../Engine/Content/Functions/Engine_MaterialFunctions01/Gradient/RadialGradientExponential.uexp" 33
"C:/Users/Georges/Documents/Unreal Projects/ProjectMyrmidon/Content/Art/UImats/M_RadialBar.uasset" 34
"C:/Users/Georges/Documents/Unreal Projects/ProjectMyrmidon/Content/Art/UImats/M_RadialBar.uexp" 35
"C:/Users/Georges/Documents/Unreal Projects/ProjectMyrmidon/Content/BPs/BP_WeatherManager.uasset" 36
"C:/Users/Georges/Documents/Unreal Projects/ProjectMyrmidon/Content/BPs/BP_WeatherManager.uexp" 37
"../../../Engine/Content/EngineMaterials/T_Default_Material_Grid_N.uasset" 38
"../../../Engine/Content/EngineMaterials/T_Default_Material_Grid_N.uexp" 39
"../../../Engine/Content/EngineMaterials/T_Default_Material_Grid_N.ubulk" 40
"../../../Engine/Content/EngineMaterials/T_Default_Material_Grid_M.uasset" 41
"../../../Engine/Content/EngineMaterials/T_Default_Material_Grid_M.uexp" 42
"../../../Engine/Content/EngineMaterials/T_Default_Material_Grid_M.ubulk" 43
"../../../Engine/Content/Functions/Engine_MaterialFunctions01/Opacity/CameraDepthFade.uasset" 44
"../../../Engine/Content/Functions/Engine_MaterialFunctions01/Opacity/CameraDepthFade.uexp" 45
"../../../Engine/Content/EngineMaterials/WorldGridMaterial.uasset" 46
"../../../Engine/Content/EngineMaterials/WorldGridMaterial.uexp" 47
"../../../Engine/Content/ArtTools/RenderToTexture/Meshes/S_1_Unit_Plane.uasset" 48
"../../../Engine/Content/ArtTools/RenderToTexture/Meshes/S_1_Unit_Plane.uexp" 49
"../../../Engine/Content/EngineMaterials/DefaultMaterial.uasset" 50
"../../../Engine/Content/EngineMaterials/DefaultMaterial.uexp" 51
"../../../Engine/Content/BasicShapes/Cone.uasset" 52
"../../../Engine/Content/BasicShapes/Cone.uexp" 53
"../../../Engine/Content/BasicShapes/Plane.uasset" 54
"../../../Engine/Content/BasicShapes/Plane.uexp" 55
"../../../Engine/Content/EditorLandscapeResources/DataLayer.uasset" 56
"../../../Engine/Content/EditorLandscapeResources/DataLayer.uexp" 57
"../../../Engine/Content/EditorLandscapeResources/DefaultAlphaTexture.uasset" 58
"../../../Engine/Content/EditorLandscapeResources/DefaultAlphaTexture.uexp" 59
"../../../Engine/Content/EditorMaterials/MAT_Groups_Toggle.uasset" 60
"../../../Engine/Content/EditorMaterials/MAT_Groups_Toggle.uexp" 61
"../../../Engine/Content/EditorMaterials/MAT_Groups_Visibility.uasset" 62
"../../../Engine/Content/EditorMaterials/MAT_Groups_Visibility.uexp" 63
"../../../Engine/Content/EditorMaterials/PreviewShadowIndicator.uasset" 64
"../../../Engine/Content/EditorMaterials/PreviewShadowIndicator.uexp" 65
"../../../Engine/Content/EditorMaterials/PreviewShadowIndicator.ubulk" 66
"../../../Engine/Content/EditorMaterials/PreviewShadowIndicatorMaterial.uasset" 67
"../../../Engine/Content/EditorMaterials/PreviewShadowIndicatorMaterial.uexp" 68
"../../../Engine/Content/EditorMaterials/MatineeGroups/MAT_ColorTrack.uasset" 69
"../../../Engine/Content/EditorMaterials/MatineeGroups/MAT_ColorTrack.uexp" 70
"../../../Engine/Content/EditorMaterials/MatineeGroups/MAT_Groups_Anim.uasset" 71
"../../../Engine/Content/EditorMaterials/MatineeGroups/MAT_Groups_Anim.uexp" 72
"../../../Engine/Content/EditorMaterials/MatineeGroups/MAT_Groups_AudioMaster.uasset" 73
"../../../Engine/Content/EditorMaterials/MatineeGroups/MAT_Groups_AudioMaster.uexp" 74
"../../../Engine/Content/EditorMaterials/MatineeGroups/MAT_Groups_Director.uasset" 75
"../../../Engine/Content/EditorMaterials/MatineeGroups/MAT_Groups_Director.uexp" 76
"../../../Engine/Content/EditorMaterials/MatineeGroups/MAT_Groups_Event.uasset" 77
"../../../Engine/Content/EditorMaterials/MatineeGroups/MAT_Groups_Event.uexp" 78
"../../../Engine/Content/EditorMaterials/MatineeGroups/MAT_Groups_Fade.uasset" 79
"../../../Engine/Content/EditorMaterials/MatineeGroups/MAT_Groups_Fade.uexp" 80
"../../../Engine/Content/EditorMaterials/MatineeGroups/MAT_Groups_Float.uasset" 81
"../../../Engine/Content/EditorMaterials/MatineeGroups/MAT_Groups_Float.uexp" 82
"../../../Engine/Content/EditorMaterials/MatineeGroups/MAT_Groups_Move.uasset" 83
"../../../Engine/Content/EditorMaterials/MatineeGroups/MAT_Groups_Move.uexp" 84
"../../../Engine/Content/EditorMaterials/MatineeGroups/MAT_Groups_Slomo.uasset" 85
"../../../Engine/Content/EditorMaterials/MatineeGroups/MAT_Groups_Slomo.uexp" 86
"../../../Engine/Content/EditorMaterials/MatineeGroups/MAT_Groups_Sound.uasset" 87
"../../../Engine/Content/EditorMaterials/MatineeGroups/MAT_Groups_Sound.uexp" 88
"../../../Engine/Content/EditorMaterials/MatineeGroups/MAT_Groups_Vector.uasset" 89
"../../../Engine/Content/EditorMaterials/MatineeGroups/MAT_Groups_Vector.uexp" 90
"../../../Engine/Content/EditorMaterials/ParticleSystems/PSysThumbnail_NoImage.uasset" 91
"../../../Engine/Content/EditorMaterials/ParticleSystems/PSysThumbnail_NoImage.uexp" 92
"../../../Engine/Content/EditorMaterials/ParticleSystems/PSysThumbnail_NoImage.ubulk" 93
"../../../Engine/Content/EditorMaterials/ParticleSystems/PSysThumbnail_OOD.uasset" 94
"../../../Engine/Content/EditorMaterials/ParticleSystems/PSysThumbnail_OOD.uexp" 95
"../../../Engine/Content/EditorMaterials/ParticleSystems/PSysThumbnail_OOD.ubulk" 96
"../../../Engine/Content/EditorMaterials/Camera/CineMat.uasset" 97
"../../../Engine/Content/EditorMaterials/Camera/CineMat.uexp" 98
"../../../Engine/Content/EditorMaterials/Camera/MI_CineMat_Rig.uasset" 99
"../../../Engine/Content/EditorMaterials/Camera/MI_CineMat_Rig.uexp" 100
"../../../Engine/Content/EditorMeshes/Camera/SM_CraneRig_Arm.uasset" 101
"../../../Engine/Content/EditorMeshes/Camera/SM_CraneRig_Arm.uexp" 102
"../../../Engine/Content/EditorMeshes/Camera/SM_CraneRig_Base.uasset" 103
"../../../Engine/Content/EditorMeshes/Camera/SM_CraneRig_Base.uexp" 104
"../../../Engine/Content/EditorMeshes/Camera/SM_CraneRig_Body.uasset" 105
"../../../Engine/Content/EditorMeshes/Camera/SM_CraneRig_Body.uexp" 106
"../../../Engine/Content/EditorMeshes/Camera/SM_CraneRig_Mount.uasset" 107
"../../../Engine/Content/EditorMeshes/Camera/SM_CraneRig_Mount.uexp" 108
"../../../Engine/Content/EditorMeshes/Camera/SM_RailRig_Mount.uasset" 109
"../../../Engine/Content/EditorMeshes/Camera/SM_RailRig_Mount.uexp" 110
"../../../Engine/Content/EditorMeshes/Camera/SM_RailRig_Track.uasset" 111
"../../../Engine/Content/EditorMeshes/Camera/SM_RailRig_Track.uexp" 112
"../../../Engine/Content/EditorResources/BSPVertex.uasset" 113
"../../../Engine/Content/EditorResources/BSPVertex.uexp" 114
"../../../Engine/Content/EditorResources/EmptyActor.uasset" 115
"../../../Engine/Content/EditorResources/EmptyActor.uexp" 116
"../../../Engine/Content/EditorResources/S_Actor.uasset" 117
"../../../Engine/Content/EditorResources/S_Actor.uexp" 118
"../../../Engine/Content/EditorResources/S_Actor.ubulk" 119
"../../../Engine/Content/EditorResources/S_Note.uasset" 120
"../../../Engine/Content/EditorResources/S_Note.uexp" 121
"../../../Engine/Content/EditorResources/S_Note.ubulk" 122
"../../../Engine/Content/EditorResources/S_Solver.uasset" 123
"../../../Engine/Content/EditorResources/S_Solver.uexp" 124
"../../../Engine/Content/EditorResources/S_Solver.ubulk" 125
"../../../Engine/Content/EditorResources/S_Terrain.uasset" 126
"../../../Engine/Content/EditorResources/S_Terrain.uexp" 127
"../../../Engine/Content/EditorResources/S_Terrain.ubulk" 128
"../../../Engine/Content/EditorResources/S_Trigger.uasset" 129
"../../../Engine/Content/EditorResources/S_Trigger.uexp" 130
"../../../Engine/Content/EditorResources/S_Trigger.ubulk" 131
"../../../Engine/Content/EditorResources/LightIcons/S_LightError.uasset" 132
"../../../Engine/Content/EditorResources/LightIcons/S_LightError.uexp" 133
"../../../Engine/Content/EditorResources/SequenceRecorder/Countdown.uasset" 134
"../../../Engine/Content/EditorResources/SequenceRecorder/Countdown.uexp" 135
"../../../Engine/Content/EditorResources/SequenceRecorder/RecordingIndicator.uasset" 136
"../../../Engine/Content/EditorResources/SequenceRecorder/RecordingIndicator.uexp" 137
"../../../Engine/Content/EngineDamageTypes/DmgTypeBP_Environmental.uasset" 138
"../../../Engine/Content/EngineDamageTypes/DmgTypeBP_Environmental.uexp" 139
"../../../Engine/Content/EngineDebugMaterials/DebugEditorMaterial.uasset" 140
"../../../Engine/Content/EngineDebugMaterials/DebugEditorMaterial.uexp" 141
"../../../Engine/Content/EngineDebugMaterials/DebugMeshMaterial.uasset" 142
"../../../Engine/Content/EngineDebugMaterials/DebugMeshMaterial.uexp" 143
"../../../Engine/Content/EngineDebugMaterials/M_SimpleUnlitTranslucent.uasset" 144
"../../../Engine/Content/EngineDebugMaterials/M_SimpleUnlitTranslucent.uexp" 145
"../../../Engine/Content/EngineDebugMaterials/VolumeToRender.uasset" 146
"../../../Engine/Content/EngineDebugMaterials/VolumeToRender.uexp" 147
"../../../Engine/Content/Functions/Engine_MaterialFunctions02/Utility/CameraDirectionVector.uasset" 148
"../../../Engine/Content/Functions/Engine_MaterialFunctions02/Utility/CameraDirectionVector.uexp" 149
"../../../Engine/Content/EngineDebugMaterials/M_VolumeRenderSphereTracePP.uasset" 150
"../../../Engine/Content/EngineDebugMaterials/M_VolumeRenderSphereTracePP.uexp" 151
"../../../Engine/Content/Functions/Engine_MaterialFunctions01/Shading/ConvertFromDiffSpec.uasset" 152
"../../../Engine/Content/Functions/Engine_MaterialFunctions01/Shading/ConvertFromDiffSpec.uexp" 153
"../../../Engine/Content/EngineDebugMaterials/VertexColorMaterial.uasset" 154
"../../../Engine/Content/EngineDebugMaterials/VertexColorMaterial.uexp" 155
"../../../Engine/Content/EngineDebugMaterials/WireframeMaterial.uasset" 156
"../../../Engine/Content/EngineDebugMaterials/WireframeMaterial.uexp" 157
"../../../Engine/Content/EngineFonts/Faces/RobotoRegular.uasset" 158
"../../../Engine/Content/EngineFonts/Faces/RobotoRegular.uexp" 159
"../../../Engine/Content/EngineFonts/Faces/RobotoRegular.ufont" 160
"../../../Engine/Content/EngineFonts/Faces/RobotoLight.uasset" 161
"../../../Engine/Content/EngineFonts/Faces/RobotoLight.uexp" 162
"../../../Engine/Content/EngineFonts/Faces/RobotoLight.ufont" 163
"../../../Engine/Content/EngineFonts/Faces/RobotoItalic.uasset" 164
"../../../Engine/Content/EngineFonts/Faces/RobotoItalic.uexp" 165
"../../../Engine/Content/EngineFonts/Faces/RobotoItalic.ufont" 166
"../../../Engine/Content/EngineFonts/Faces/RobotoBoldItalic.uasset" 167
"../../../Engine/Content/EngineFonts/Faces/RobotoBoldItalic.uexp" 168
"../../../Engine/Content/EngineFonts/Faces/RobotoBoldItalic.ufont" 169
"../../../Engine/Content/EngineFonts/Faces/RobotoBold.uasset" 170
"../../../Engine/Content/EngineFonts/Faces/RobotoBold.uexp" 171
"../../../Engine/Content/EngineFonts/Faces/RobotoBold.ufont" 172
"../../../Engine/Content/EngineFonts/Faces/DroidSansFallback.uasset" 173
"../../../Engine/Content/EngineFonts/Faces/DroidSansFallback.uexp" 174
"../../../Engine/Content/EngineFonts/Faces/DroidSansFallback.ufont" 175
"../../../Engine/Content/EngineFonts/Roboto.uasset" 176
"../../../Engine/Content/EngineFonts/Roboto.uexp" 177
"../../../Engine/Content/EngineMaterials/BaseFlattenNormalMap.uasset" 178
"../../../Engine/Content/EngineMaterials/BaseFlattenNormalMap.uexp" 179
"../../../Engine/Content/EngineMaterials/BaseFlattenGrayscaleMap.uasset" 180
"../../../Engine/Content/EngineMaterials/BaseFlattenGrayscaleMap.uexp" 181
"../../../Engine/Content/EngineMaterials/BaseFlattenEmissiveMap.uasset" 182
"../../../Engine/Content/EngineMaterials/BaseFlattenEmissiveMap.uexp" 183
"../../../Engine/Content/EngineMaterials/BaseFlattenDiffuseMap.uasset" 184
"../../../Engine/Content/EngineMaterials/BaseFlattenDiffuseMap.uexp" 185
"../../../Engine/Content/EngineMaterials/BaseFlattenMaterial.uasset" 186
"../../../Engine/Content/EngineMaterials/BaseFlattenMaterial.uexp" 187
"../../../Engine/Content/EngineMaterials/BlueNoise.uasset" 188
"../../../Engine/Content/EngineMaterials/BlueNoise.uexp" 189
"../../../Engine/Content/EngineMaterials/DefaultBloomKernel.uasset" 190
"../../../Engine/Content/EngineMaterials/DefaultBloomKernel.uexp" 191
"../../../Engine/Content/EngineMaterials/DefaultBokeh.uasset" 192
"../../../Engine/Content/EngineMaterials/DefaultBokeh.uexp" 193
"../../../Engine/Content/EngineMaterials/DefaultDiffuse.uasset" 194
"../../../Engine/Content/EngineMaterials/DefaultDiffuse.uexp" 195
"../../../Engine/Content/EngineMaterials/DefaultDiffuse.ubulk" 196
"../../../Engine/Content/EngineMaterials/DefaultDeferredDecalMaterial.uasset" 197
"../../../Engine/Content/EngineMaterials/DefaultDeferredDecalMaterial.uexp" 198
"../../../Engine/Content/EngineMaterials/DefaultLightFunctionMaterial.uasset" 199
"../../../Engine/Content/EngineMaterials/DefaultLightFunctionMaterial.uexp" 200
"../../../Engine/Content/EngineMaterials/DefaultPhysicalMaterial.uasset" 201
"../../../Engine/Content/EngineMaterials/DefaultPhysicalMaterial.uexp" 202
"../../../Engine/Content/Functions/Engine_MaterialFunctions02/Utility/BreakOutFloat2Components.uasset" 203
"../../../Engine/Content/Functions/Engine_MaterialFunctions02/Utility/BreakOutFloat2Components.uexp" 204
"../../../Engine/Content/EngineMaterials/DefaultPostProcessMaterial.uasset" 205
"../../../Engine/Content/EngineMaterials/DefaultPostProcessMaterial.uexp" 206
"../../../Engine/Content/EngineFonts/RobotoDistanceField.uasset" 207
"../../../Engine/Content/EngineFonts/RobotoDistanceField.uexp" 208
"../../../Engine/Content/EngineMaterials/DefaultTextMaterialOpaque.uasset" 209
"../../../Engine/Content/EngineMaterials/DefaultTextMaterialOpaque.uexp" 210
"../../../Engine/Content/EngineMaterials/DefaultWhiteGrid.uasset" 211
"../../../Engine/Content/EngineMaterials/DefaultWhiteGrid.uexp" 212
"../../../Engine/Content/EngineMaterials/DefaultWhiteGrid.ubulk" 213
"../../../Engine/Content/EngineMaterials/DefaultWhiteGrid_Low.uasset" 214
"../../../Engine/Content/EngineMaterials/DefaultWhiteGrid_Low.uexp" 215
"../../../Engine/Content/EngineMaterials/EmissiveMeshMaterial.uasset" 216
"../../../Engine/Content/EngineMaterials/EmissiveMeshMaterial.uexp" 217
"../../../Engine/Content/EngineMaterials/GizmoMaterial.uasset" 218
"../../../Engine/Content/EngineMaterials/GizmoMaterial.uexp" 219
"../../../Engine/Content/EngineMaterials/Good64x64TilingNoiseHighFreq.uasset" 220
"../../../Engine/Content/EngineMaterials/Good64x64TilingNoiseHighFreq.uexp" 221
"../../../Engine/Content/EngineMaterials/MiniFont.uasset" 222
"../../../Engine/Content/EngineMaterials/MiniFont.uexp" 223
"../../../Engine/Content/EngineMaterials/InvalidLightmapSettings.uasset" 224
"../../../Engine/Content/EngineMaterials/InvalidLightmapSettings.uexp" 225
"../../../Engine/Content/EngineMaterials/InvalidLightmapSettings.ubulk" 226
"../../../Engine/Content/EngineMaterials/M_InvalidLightmapSettings.uasset" 227
"../../../Engine/Content/EngineMaterials/M_InvalidLightmapSettings.uexp" 228
"../../../Engine/Content/Functions/Engine_MaterialFunctions02/WorldPositionOffset/CameraOffset.uasset" 229
"../../../Engine/Content/Functions/Engine_MaterialFunctions02/WorldPositionOffset/CameraOffset.uexp" 230
"../../../Engine/Content/EngineMaterials/PhAT_JointLimitMaterial.uasset" 231
"../../../Engine/Content/EngineMaterials/PhAT_JointLimitMaterial.uexp" 232
"../../../Engine/Content/EngineMaterials/DefaultCalibrationColor.uasset" 233
"../../../Engine/Content/EngineMaterials/DefaultCalibrationColor.uexp" 234
"../../../Engine/Content/EngineMaterials/PPM_DefaultCalibrationColor.uasset" 235
"../../../Engine/Content/EngineMaterials/PPM_DefaultCalibrationColor.uexp" 236
"../../../Engine/Content/EngineMaterials/DefaultCalibrationGrayscale.uasset" 237
"../../../Engine/Content/EngineMaterials/DefaultCalibrationGrayscale.uexp" 238
"../../../Engine/Content/EngineMaterials/PPM_DefaultCalibrationGrayscale.uasset" 239
"../../../Engine/Content/EngineMaterials/PPM_DefaultCalibrationGrayscale.uexp" 240
"../../../Engine/Content/EngineMaterials/PreintegratedSkinBRDF.uasset" 241
"../../../Engine/Content/EngineMaterials/PreintegratedSkinBRDF.uexp" 242
"../../../Engine/Content/EngineMaterials/RemoveSurfaceMaterial.uasset" 243
"../../../Engine/Content/EngineMaterials/RemoveSurfaceMaterial.uexp" 244
"../../../Engine/Content/EngineMaterials/WeightMapPlaceholderTexture.uasset" 245
"../../../Engine/Content/EngineMaterials/WeightMapPlaceholderTexture.uexp" 246
"../../../Engine/Content/EngineResources/WhiteSquareTexture.uasset" 247
"../../../Engine/Content/EngineResources/WhiteSquareTexture.uexp" 248
"../../../Engine/Content/EngineMaterials/Widget3DPassThrough.uasset" 249
"../../../Engine/Content/EngineMaterials/Widget3DPassThrough.uexp" 250
"../../../Engine/Content/EngineMaterials/Widget3DPassThrough_Masked.uasset" 251
"../../../Engine/Content/EngineMaterials/Widget3DPassThrough_Masked.uexp" 252
"../../../Engine/Content/EngineMaterials/Widget3DPassThrough_Opaque.uasset" 253
"../../../Engine/Content/EngineMaterials/Widget3DPassThrough_Opaque.uexp" 254
"../../../Engine/Content/EngineMaterials/Widget3DPassThrough_Masked_OneSided.uasset" 255
"../../../Engine/Content/EngineMaterials/Widget3DPassThrough_Masked_OneSided.uexp" 256
"../../../Engine/Content/EngineMaterials/Widget3DPassThrough_Opaque_OneSided.uasset" 257
"../../../Engine/Content/EngineMaterials/Widget3DPassThrough_Opaque_OneSided.uexp" 258
"../../../Engine/Content/EngineMaterials/Widget3DPassThrough_Translucent.uasset" 259
"../../../Engine/Content/EngineMaterials/Widget3DPassThrough_Translucent.uexp" 260
"../../../Engine/Content/EngineMaterials/Widget3DPassThrough_Translucent_OneSided.uasset" 261
"../../../Engine/Content/EngineMaterials/Widget3DPassThrough_Translucent_OneSided.uexp" 262
"../../../Engine/Content/EngineMeshes/Sphere.uasset" 263
"../../../Engine/Content/EngineMeshes/Sphere.uexp" 264
"../../../Engine/Content/EngineResources/DefaultTexture.uasset" 265
"../../../Engine/Content/EngineResources/DefaultTexture.uexp" 266
"../../../Engine/Content/EngineResources/DefaultTexture.ubulk" 267
"../../../Engine/Content/EngineResources/DefaultTextureCube.uasset" 268
"../../../Engine/Content/EngineResources/DefaultTextureCube.uexp" 269
"../../../Engine/Content/EngineResources/DefaultVolumeTexture2D.uasset" 270
"../../../Engine/Content/EngineResources/DefaultVolumeTexture2D.uexp" 271
"../../../Engine/Content/EngineResources/DefaultVolumeTexture.uasset" 272
"../../../Engine/Content/EngineResources/DefaultVolumeTexture.uexp" 273
"../../../Engine/Content/EngineResources/GradientTexture0.uasset" 274
"../../../Engine/Content/EngineResources/GradientTexture0.uexp" 275
"../../../Engine/Content/EngineSky/VolumetricClouds/T_NoiseShape64.uasset" 276
"../../../Engine/Content/EngineSky/VolumetricClouds/T_NoiseShape64.uexp" 277
"../../../Engine/Content/EngineSky/VolumetricClouds/T_NoiseShape64.ubulk" 278
"../../../Engine/Content/EngineSky/VolumetricClouds/T_VolumeNoiseShape64.uasset" 279
"../../../Engine/Content/EngineSky/VolumetricClouds/T_VolumeNoiseShape64.uexp" 280
"../../../Engine/Content/EngineSky/VolumetricClouds/T_NoiseErosion.uasset" 281
"../../../Engine/Content/EngineSky/VolumetricClouds/T_NoiseErosion.uexp" 282
"../../../Engine/Content/EngineSky/VolumetricClouds/T_NoiseErosion.ubulk" 283
"../../../Engine/Content/EngineSky/VolumetricClouds/T_VolumeNoiseErosion32.uasset" 284
"../../../Engine/Content/EngineSky/VolumetricClouds/T_VolumeNoiseErosion32.uexp" 285
"../../../Engine/Content/EngineSky/VolumetricClouds/CloudWeatherTexture.uasset" 286
"../../../Engine/Content/EngineSky/VolumetricClouds/CloudWeatherTexture.uexp" 287
"../../../Engine/Content/EngineSky/VolumetricClouds/CloudGradientTexture.uasset" 288
"../../../Engine/Content/EngineSky/VolumetricClouds/CloudGradientTexture.uexp" 289
"../../../Engine/Content/Functions/Engine_MaterialFunctions02/Utility/MakeFloat2.uasset" 290
"../../../Engine/Content/Functions/Engine_MaterialFunctions02/Utility/MakeFloat2.uexp" 291
"../../../Engine/Content/EngineSky/VolumetricClouds/m_SimpleVolumetricCloud.uasset" 292
"../../../Engine/Content/EngineSky/VolumetricClouds/m_SimpleVolumetricCloud.uexp" 293
"../../../Engine/Content/EngineSky/VolumetricClouds/m_SimpleVolumetricCloud_Inst.uasset" 294
"../../../Engine/Content/EngineSky/VolumetricClouds/m_SimpleVolumetricCloud_Inst.uexp" 295
"../../../Engine/Content/EngineSounds/Master.uasset" 296
"../../../Engine/Content/EngineSounds/Master.uexp" 297
"../../../Engine/Content/Functions/Engine_MaterialFunctions01/Shading/PowerToRoughness.uasset" 298
"../../../Engine/Content/Functions/Engine_MaterialFunctions01/Shading/PowerToRoughness.uexp" 299
"../../../Engine/Content/Maps/Templates/Thumbnails/Default.uasset" 300
"../../../Engine/Content/Maps/Templates/Thumbnails/Default.uexp" 301
"../../../Engine/Content/Maps/Templates/Thumbnails/TimeOfDay.uasset" 302
"../../../Engine/Content/Maps/Templates/Thumbnails/TimeOfDay.uexp" 303
"../../../Engine/Content/Maps/Templates/Thumbnails/VR-Basic.uasset" 304
"../../../Engine/Content/Maps/Templates/Thumbnails/VR-Basic.uexp" 305
"../../../Engine/Content/MobileResources/T_MobileControls_texture.uasset" 306
"../../../Engine/Content/MobileResources/T_MobileControls_texture.uexp" 307
"../../../Engine/Content/MobileResources/T_MobileMenu2.uasset" 308
"../../../Engine/Content/MobileResources/T_MobileMenu2.uexp" 309
"../../../Engine/Content/MobileResources/HUD/AnalogHat.uasset" 310
"../../../Engine/Content/MobileResources/HUD/AnalogHat.uexp" 311
"../../../Engine/Content/MobileResources/HUD/VirtualJoystick_Thumb.uasset" 312
"../../../Engine/Content/MobileResources/HUD/VirtualJoystick_Thumb.uexp" 313
"../../../Engine/Content/MobileResources/HUD/VirtualJoystick_Background.uasset" 314
"../../../Engine/Content/MobileResources/HUD/VirtualJoystick_Background.uexp" 315
"../../../Engine/Content/MobileResources/HUD/DefaultVirtualJoysticks.uasset" 316
"../../../Engine/Content/MobileResources/HUD/DefaultVirtualJoysticks.uexp" 317
"../../../Engine/Content/MobileResources/HUD/LeftVirtualJoystickOnly.uasset" 318
"../../../Engine/Content/MobileResources/HUD/LeftVirtualJoystickOnly.uexp" 319
"../../../Engine/Content/MobileResources/HUD/MobileHUDButton1_off.uasset" 320
"../../../Engine/Content/MobileResources/HUD/MobileHUDButton1_off.uexp" 321
"../../../Engine/Content/MobileResources/HUD/MobileHUDButton1_on.uasset" 322
"../../../Engine/Content/MobileResources/HUD/MobileHUDButton1_on.uexp" 323
"../../../Engine/Content/MobileResources/HUD/MobileHUDButton2_off.uasset" 324
"../../../Engine/Content/MobileResources/HUD/MobileHUDButton2_off.uexp" 325
"../../../Engine/Content/MobileResources/HUD/MobileHUDButton2_on.uasset" 326
"../../../Engine/Content/MobileResources/HUD/MobileHUDButton2_on.uexp" 327
"../../../Engine/Content/MobileResources/HUD/MobileHUDButton3.uasset" 328
"../../../Engine/Content/MobileResources/HUD/MobileHUDButton3.uexp" 329
"../../../Engine/Content/MobileResources/HUD/MobileHUDButtonFire.uasset" 330
"../../../Engine/Content/MobileResources/HUD/MobileHUDButtonFire.uexp" 331
"../../../Engine/Content/MobileResources/HUD/MobileHUDDirectionPad.uasset" 332
"../../../Engine/Content/MobileResources/HUD/MobileHUDDirectionPad.uexp" 333
"../../../Engine/Content/MobileResources/HUD/MobileHUDDirectionPad2.uasset" 334
"../../../Engine/Content/MobileResources/HUD/MobileHUDDirectionPad2.uexp" 335
"../../../Engine/Content/MobileResources/HUD/MobileHUDDirectionPad3.uasset" 336
"../../../Engine/Content/MobileResources/HUD/MobileHUDDirectionPad3.uexp" 337
"../../../Engine/Content/MobileResources/HUD/MobileHUDDirectionStick.uasset" 338
"../../../Engine/Content/MobileResources/HUD/MobileHUDDirectionStick.uexp" 339
"../../../Engine/Content/MobileResources/HUD/T_Castle_ThumbstickInner.uasset" 340
"../../../Engine/Content/MobileResources/HUD/T_Castle_ThumbstickInner.uexp" 341
"../../../Engine/Content/MobileResources/HUD/T_Castle_ThumbstickOutter.uasset" 342
"../../../Engine/Content/MobileResources/HUD/T_Castle_ThumbstickOutter.uexp" 343
"../../../Engine/Content/Tutorial/ContentIntroCurve.uasset" 344
"../../../Engine/Content/Tutorial/ContentIntroCurve.uexp" 345
"../../../Engine/Content/Tutorial/Basics/TutorialAssets/icon_tab_Levels_40x.uasset" 346
"../../../Engine/Content/Tutorial/Basics/TutorialAssets/icon_tab_Levels_40x.uexp" 347
"../../../Engine/Content/VREditor/TransformGizmo/TranslucentTransformGizmoMaterial.uasset" 348
"../../../Engine/Content/VREditor/TransformGizmo/TranslucentTransformGizmoMaterial.uexp" 349
"../../../Engine/Content/VREditor/LaserPointer/VR_LaserPower_01.uasset" 350
"../../../Engine/Content/VREditor/LaserPointer/VR_LaserPower_01.uexp" 351
"../../../Engine/Content/VREditor/LaserPointer/VR_LaserPower_01.ubulk" 352
"../../../Engine/Content/VREditor/TransformGizmo/TransformGizmoMaterial.uasset" 353
"../../../Engine/Content/VREditor/TransformGizmo/TransformGizmoMaterial.uexp" 354
"../../../Engine/Content/VREditor/TransformGizmo/BoundingBoxCorner.uasset" 355
"../../../Engine/Content/VREditor/TransformGizmo/BoundingBoxCorner.uexp" 356
"../../../Engine/Content/VREditor/TransformGizmo/BoundingBoxEdge.uasset" 357
"../../../Engine/Content/VREditor/TransformGizmo/BoundingBoxEdge.uexp" 358
"../../../Engine/Content/VREditor/TransformGizmo/PlaneTranslationHandle.uasset" 359
"../../../Engine/Content/VREditor/TransformGizmo/PlaneTranslationHandle.uexp" 360
"../../../Engine/Content/VREditor/TransformGizmo/Xray.uasset" 361
"../../../Engine/Content/VREditor/TransformGizmo/Xray.uexp" 362
"../../../Engine/Content/VREditor/TransformGizmo/Main.uasset" 363
"../../../Engine/Content/VREditor/TransformGizmo/Main.uexp" 364
"../../../Engine/Content/VREditor/TransformGizmo/SM_Sequencer_Key.uasset" 365
"../../../Engine/Content/VREditor/TransformGizmo/SM_Sequencer_Key.uexp" 366
"../../../Engine/Content/VREditor/TransformGizmo/SM_Sequencer_Node.uasset" 367
"../../../Engine/Content/VREditor/TransformGizmo/SM_Sequencer_Node.uexp" 368
"../../../Engine/Plugins/2D/Paper2D/Content/PlaceholderTextures/DummySpriteTexture.uasset" 369
"../../../Engine/Plugins/2D/Paper2D/Content/PlaceholderTextures/DummySpriteTexture.uexp" 370
"../../../Engine/Plugins/2D/Paper2D/Content/PlaceholderTextures/DummySpriteTexture.ubulk" 371
"../../../Engine/Plugins/2D/Paper2D/Content/DummySprite.uasset" 372
"../../../Engine/Plugins/2D/Paper2D/Content/DummySprite.uexp" 373
"../../../Engine/Plugins/2D/Paper2D/Content/DefaultPaperTerrainMaterial.uasset" 374
"../../../Engine/Plugins/2D/Paper2D/Content/DefaultPaperTerrainMaterial.uexp" 375
"../../../Engine/Plugins/2D/Paper2D/Content/DefaultSpriteMaterial.uasset" 376
"../../../Engine/Plugins/2D/Paper2D/Content/DefaultSpriteMaterial.uexp" 377
"../../../Engine/Plugins/2D/Paper2D/Content/MaskedUnlitSpriteMaterial.uasset" 378
"../../../Engine/Plugins/2D/Paper2D/Content/MaskedUnlitSpriteMaterial.uexp" 379
"../../../Engine/Plugins/2D/Paper2D/Content/OpaqueUnlitSpriteMaterial.uasset" 380
"../../../Engine/Plugins/2D/Paper2D/Content/OpaqueUnlitSpriteMaterial.uexp" 381
"../../../Engine/Content/Functions/Engine_MaterialFunctions02/Utility/BreakOutFloat3Components.uasset" 382
"../../../Engine/Content/Functions/Engine_MaterialFunctions02/Utility/BreakOutFloat3Components.uexp" 383
"../../../Engine/Plugins/Editor/SpeedTreeImporter/Content/SpeedTree9/UnpackInteger3.uasset" 384
"../../../Engine/Plugins/Editor/SpeedTreeImporter/Content/SpeedTree9/UnpackInteger3.uexp" 385
"../../../Engine/Plugins/Editor/SpeedTreeImporter/Content/SpeedTree9/UnpackDirection.uasset" 386
"../../../Engine/Plugins/Editor/SpeedTreeImporter/Content/SpeedTree9/UnpackDirection.uexp" 387
"../../../Engine/Plugins/Editor/SpeedTreeImporter/Content/SpeedTree9/game_wind_noise.uasset" 388
"../../../Engine/Plugins/Editor/SpeedTreeImporter/Content/SpeedTree9/game_wind_noise.uexp" 389
"../../../Engine/Plugins/Editor/SpeedTreeImporter/Content/SpeedTree9/game_wind_noise.ubulk" 390
"../../../Engine/Content/Functions/Engine_MaterialFunctions02/SafeNormalize.uasset" 391
"../../../Engine/Content/Functions/Engine_MaterialFunctions02/SafeNormalize.uexp" 392
"../../../Engine/Plugins/Editor/SpeedTreeImporter/Content/SpeedTree9/SpeedTreeWindMotion.uasset" 393
"../../../Engine/Plugins/Editor/SpeedTreeImporter/Content/SpeedTree9/SpeedTreeWindMotion.uexp" 394
"../../../Engine/Plugins/Editor/SpeedTreeImporter/Content/SpeedTree9/SpeedTreeBranchMotion.uasset" 395
"../../../Engine/Plugins/Editor/SpeedTreeImporter/Content/SpeedTree9/SpeedTreeBranchMotion.uexp" 396
"../../../Engine/Content/Functions/Engine_MaterialFunctions02/ObjectLocalBounds.uasset" 397
"../../../Engine/Content/Functions/Engine_MaterialFunctions02/ObjectLocalBounds.uexp" 398
"../../../Engine/Content/Functions/Engine_MaterialFunctions02/UVs/BoundingBoxBased_0-1_UVW.uasset" 399
"../../../Engine/Content/Functions/Engine_MaterialFunctions02/UVs/BoundingBoxBased_0-1_UVW.uexp" 400
"../../../Engine/Content/Functions/Engine_MaterialFunctions02/WorldPositionOffset/ObjectScale.uasset" 401
"../../../Engine/Content/Functions/Engine_MaterialFunctions02/WorldPositionOffset/ObjectScale.uexp" 402
"../../../Engine/Plugins/Editor/SpeedTreeImporter/Content/SpeedTree9/SpeedTreeWind.uasset" 403
"../../../Engine/Plugins/Editor/SpeedTreeImporter/Content/SpeedTree9/SpeedTreeWind.uexp" 404
"../../../Engine/Plugins/Editor/SpeedTreeImporter/Content/SpeedTree9/SpeedTreeBillboard.uasset" 405
"../../../Engine/Plugins/Editor/SpeedTreeImporter/Content/SpeedTree9/SpeedTreeBillboard.uexp" 406
"../../../Engine/Plugins/Editor/SpeedTreeImporter/Content/SpeedTree9/EmptyNormal.uasset" 407
"../../../Engine/Plugins/Editor/SpeedTreeImporter/Content/SpeedTree9/EmptyNormal.uexp" 408
"../../../Engine/Plugins/Editor/SpeedTreeImporter/Content/SpeedTree9/Empty.uasset" 409
"../../../Engine/Plugins/Editor/SpeedTreeImporter/Content/SpeedTree9/Empty.uexp" 410
"../../../Engine/Plugins/Editor/SpeedTreeImporter/Content/SpeedTree9/SpeedTreeBillboardMaster.uasset" 411
"../../../Engine/Plugins/Editor/SpeedTreeImporter/Content/SpeedTree9/SpeedTreeBillboardMaster.uexp" 412
"../../../Engine/Plugins/Editor/SpeedTreeImporter/Content/SpeedTree9/SpeedTreeCameraFacing.uasset" 413
"../../../Engine/Plugins/Editor/SpeedTreeImporter/Content/SpeedTree9/SpeedTreeCameraFacing.uexp" 414
"../../../Engine/Plugins/Editor/SpeedTreeImporter/Content/SpeedTree9/SpeedTreeMaster.uasset" 415
"../../../Engine/Plugins/Editor/SpeedTreeImporter/Content/SpeedTree9/SpeedTreeMaster.uexp" 416
"../../../Engine/Content/BasicShapes/Cylinder.uasset" 417
"../../../Engine/Content/BasicShapes/Cylinder.uexp" 418
"../../../Engine/Content/ArtTools/RenderToTexture/Materials/Debug/M_Emissive_Color.uasset" 419
"../../../Engine/Content/ArtTools/RenderToTexture/Materials/Debug/M_Emissive_Color.uexp" 420
"../../../Engine/Plugins/Lumin/MagicLeapPassableWorld/Content/MagicLeapARPinInfoActor.uasset" 421
"../../../Engine/Plugins/Lumin/MagicLeapPassableWorld/Content/MagicLeapARPinInfoActor.uexp" 422
"../../../Engine/Plugins/Runtime/OpenXR/Content/Devices/GoogleDaydream/MRTexture.uasset" 423
"../../../Engine/Plugins/Runtime/OpenXR/Content/Devices/GoogleDaydream/MRTexture.uexp" 424
"../../../Engine/Plugins/Runtime/OpenXR/Content/Devices/GoogleDaydream/MRTexture.ubulk" 425
"../../../Engine/Plugins/Runtime/OpenXR/Content/Devices/GoogleDaydream/BaseTexture.uasset" 426
"../../../Engine/Plugins/Runtime/OpenXR/Content/Devices/GoogleDaydream/BaseTexture.uexp" 427
"../../../Engine/Plugins/Runtime/OpenXR/Content/Devices/GoogleDaydream/BaseTexture.ubulk" 428
"../../../Engine/Content/EngineResources/Black.uasset" 429
"../../../Engine/Content/EngineResources/Black.uexp" 430
"../../../Engine/Plugins/Runtime/OpenXR/Content/Devices/M_XRController.uasset" 431
"../../../Engine/Plugins/Runtime/OpenXR/Content/Devices/M_XRController.uexp" 432
"../../../Engine/Plugins/Runtime/OpenXR/Content/Devices/GoogleDaydream/MI_GoogleDaydream.uasset" 433
"../../../Engine/Plugins/Runtime/OpenXR/Content/Devices/GoogleDaydream/MI_GoogleDaydream.uexp" 434
"../../../Engine/Plugins/Runtime/OpenXR/Content/Devices/GoogleDaydream/GoogleDaydreamController.uasset" 435
"../../../Engine/Plugins/Runtime/OpenXR/Content/Devices/GoogleDaydream/GoogleDaydreamController.uexp" 436
"../../../Engine/Plugins/Runtime/OpenXR/Content/Devices/HTCVive/BaseTexture.uasset" 437
"../../../Engine/Plugins/Runtime/OpenXR/Content/Devices/HTCVive/BaseTexture.uexp" 438
"../../../Engine/Plugins/Runtime/OpenXR/Content/Devices/HTCVive/BaseTexture.ubulk" 439
"../../../Engine/Plugins/Runtime/OpenXR/Content/Devices/HTCVive/MI_HTCVive.uasset" 440
"../../../Engine/Plugins/Runtime/OpenXR/Content/Devices/HTCVive/MI_HTCVive.uexp" 441
"../../../Engine/Plugins/Runtime/OpenXR/Content/Devices/HTCVive/HTCViveController.uasset" 442
"../../../Engine/Plugins/Runtime/OpenXR/Content/Devices/HTCVive/HTCViveController.uexp" 443
"../../../Engine/Plugins/Runtime/OpenXR/Content/Devices/MicrosoftMixedReality/NormalTexture.uasset" 444
"../../../Engine/Plugins/Runtime/OpenXR/Content/Devices/MicrosoftMixedReality/NormalTexture.uexp" 445
"../../../Engine/Plugins/Runtime/OpenXR/Content/Devices/MicrosoftMixedReality/NormalTexture.ubulk" 446
"../../../Engine/Plugins/Runtime/OpenXR/Content/Devices/MicrosoftMixedReality/MRTexture.uasset" 447
"../../../Engine/Plugins/Runtime/OpenXR/Content/Devices/MicrosoftMixedReality/MRTexture.uexp" 448
"../../../Engine/Plugins/Runtime/OpenXR/Content/Devices/MicrosoftMixedReality/MRTexture.ubulk" 449
"../../../Engine/Plugins/Runtime/OpenXR/Content/Devices/MicrosoftMixedReality/EmissiveTexture.uasset" 450
"../../../Engine/Plugins/Runtime/OpenXR/Content/Devices/MicrosoftMixedReality/EmissiveTexture.uexp" 451
"../../../Engine/Plugins/Runtime/OpenXR/Content/Devices/MicrosoftMixedReality/EmissiveTexture.ubulk" 452
"../../../Engine/Plugins/Runtime/OpenXR/Content/Devices/MicrosoftMixedReality/BaseTexture.uasset" 453
"../../../Engine/Plugins/Runtime/OpenXR/Content/Devices/MicrosoftMixedReality/BaseTexture.uexp" 454
"../../../Engine/Plugins/Runtime/OpenXR/Content/Devices/MicrosoftMixedReality/BaseTexture.ubulk" 455
"../../../Engine/Plugins/Runtime/OpenXR/Content/Devices/MicrosoftMixedReality/MI_MicrosoftMixedReality.uasset" 456
"../../../Engine/Plugins/Runtime/OpenXR/Content/Devices/MicrosoftMixedReality/MI_MicrosoftMixedReality.uexp" 457
"../../../Engine/Plugins/Runtime/OpenXR/Content/Devices/MicrosoftMixedReality/Left/left_MicrosoftMixedRealityController.uasset" 458
"../../../Engine/Plugins/Runtime/OpenXR/Content/Devices/MicrosoftMixedReality/Left/left_MicrosoftMixedRealityController.uexp" 459
"../../../Engine/Plugins/Runtime/OpenXR/Content/Devices/MicrosoftMixedReality/Right/right_MicrosoftMixedRealityController.uasset" 460
"../../../Engine/Plugins/Runtime/OpenXR/Content/Devices/MicrosoftMixedReality/Right/right_MicrosoftMixedRealityController.uexp" 461
"../../../Engine/Plugins/Runtime/OpenXR/Content/Devices/OculusGo/BaseTexture.uasset" 462
"../../../Engine/Plugins/Runtime/OpenXR/Content/Devices/OculusGo/BaseTexture.uexp" 463
"../../../Engine/Plugins/Runtime/OpenXR/Content/Devices/OculusGo/BaseTexture.ubulk" 464
"../../../Engine/Plugins/Runtime/OpenXR/Content/Devices/OculusGo/MI_OculusGo.uasset" 465
"../../../Engine/Plugins/Runtime/OpenXR/Content/Devices/OculusGo/MI_OculusGo.uexp" 466
"../../../Engine/Plugins/Runtime/OpenXR/Content/Devices/OculusGo/OculusGoController.uasset" 467
"../../../Engine/Plugins/Runtime/OpenXR/Content/Devices/OculusGo/OculusGoController.uexp" 468
"../../../Engine/Plugins/Runtime/OpenXR/Content/Devices/OculusTouch/MRTexture.uasset" 469
"../../../Engine/Plugins/Runtime/OpenXR/Content/Devices/OculusTouch/MRTexture.uexp" 470
"../../../Engine/Plugins/Runtime/OpenXR/Content/Devices/OculusTouch/MRTexture.ubulk" 471
"../../../Engine/Plugins/Runtime/OpenXR/Content/Devices/OculusTouch/BaseTexture.uasset" 472
"../../../Engine/Plugins/Runtime/OpenXR/Content/Devices/OculusTouch/BaseTexture.uexp" 473
"../../../Engine/Plugins/Runtime/OpenXR/Content/Devices/OculusTouch/BaseTexture.ubulk" 474
"../../../Engine/Plugins/Runtime/OpenXR/Content/Devices/OculusTouch/MI_OculusTouch.uasset" 475
"../../../Engine/Plugins/Runtime/OpenXR/Content/Devices/OculusTouch/MI_OculusTouch.uexp" 476
"../../../Engine/Plugins/Runtime/OpenXR/Content/Devices/OculusTouch/Left/left_OculusTouchController.uasset" 477
"../../../Engine/Plugins/Runtime/OpenXR/Content/Devices/OculusTouch/Left/left_OculusTouchController.uexp" 478
"../../../Engine/Plugins/Runtime/OpenXR/Content/Devices/OculusTouch/Right/right_OculusTouchController.uasset" 479
"../../../Engine/Plugins/Runtime/OpenXR/Content/Devices/OculusTouch/Right/right_OculusTouchController.uexp" 480
"../../../Engine/Plugins/Runtime/OpenXR/Content/Devices/OculusTouch_v2/MRTexture.uasset" 481
"../../../Engine/Plugins/Runtime/OpenXR/Content/Devices/OculusTouch_v2/MRTexture.uexp" 482
"../../../Engine/Plugins/Runtime/OpenXR/Content/Devices/OculusTouch_v2/MRTexture.ubulk" 483
"../../../Engine/Plugins/Runtime/OpenXR/Content/Devices/OculusTouch_v2/BaseTexture.uasset" 484
"../../../Engine/Plugins/Runtime/OpenXR/Content/Devices/OculusTouch_v2/BaseTexture.uexp" 485
"../../../Engine/Plugins/Runtime/OpenXR/Content/Devices/OculusTouch_v2/BaseTexture.ubulk" 486
"../../../Engine/Plugins/Runtime/OpenXR/Content/Devices/OculusTouch_v2/MI_OculusTouch_v2.uasset" 487
"../../../Engine/Plugins/Runtime/OpenXR/Content/Devices/OculusTouch_v2/MI_OculusTouch_v2.uexp" 488
"../../../Engine/Plugins/Runtime/OpenXR/Content/Devices/OculusTouch_v2/Left/left_OculusTouch_v2Controller.uasset" 489
"../../../Engine/Plugins/Runtime/OpenXR/Content/Devices/OculusTouch_v2/Left/left_OculusTouch_v2Controller.uexp" 490
"../../../Engine/Plugins/Runtime/OpenXR/Content/Devices/OculusTouch_v2/Right/right_OculusTouch_v2Controller.uasset" 491
"../../../Engine/Plugins/Runtime/OpenXR/Content/Devices/OculusTouch_v2/Right/right_OculusTouch_v2Controller.uexp" 492
"../../../Engine/Plugins/Runtime/OpenXR/Content/Devices/OculusTouch_v3/MRTexture.uasset" 493
"../../../Engine/Plugins/Runtime/OpenXR/Content/Devices/OculusTouch_v3/MRTexture.uexp" 494
"../../../Engine/Plugins/Runtime/OpenXR/Content/Devices/OculusTouch_v3/MRTexture.ubulk" 495
"../../../Engine/Plugins/Runtime/OpenXR/Content/Devices/OculusTouch_v3/BaseTexture.uasset" 496
"../../../Engine/Plugins/Runtime/OpenXR/Content/Devices/OculusTouch_v3/BaseTexture.uexp" 497
"../../../Engine/Plugins/Runtime/OpenXR/Content/Devices/OculusTouch_v3/BaseTexture.ubulk" 498
"../../../Engine/Plugins/Runtime/OpenXR/Content/Devices/OculusTouch_v3/MI_OculusTouch_v3.uasset" 499
"../../../Engine/Plugins/Runtime/OpenXR/Content/Devices/OculusTouch_v3/MI_OculusTouch_v3.uexp" 500
"../../../Engine/Plugins/Runtime/OpenXR/Content/Devices/OculusTouch_v3/Left/left_OculusTouch_v3Controller.uasset" 501
"../../../Engine/Plugins/Runtime/OpenXR/Content/Devices/OculusTouch_v3/Left/left_OculusTouch_v3Controller.uexp" 502
"../../../Engine/Plugins/Runtime/OpenXR/Content/Devices/OculusTouch_v3/Right/right_OculusTouch_v3Controller.uasset" 503
"../../../Engine/Plugins/Runtime/OpenXR/Content/Devices/OculusTouch_v3/Right/right_OculusTouch_v3Controller.uexp" 504
"../../../Engine/Plugins/Runtime/OpenXR/Content/Devices/ValveIndex/MRTexture.uasset" 505
"../../../Engine/Plugins/Runtime/OpenXR/Content/Devices/ValveIndex/MRTexture.uexp" 506
"../../../Engine/Plugins/Runtime/OpenXR/Content/Devices/ValveIndex/MRTexture.ubulk" 507
"../../../Engine/Plugins/Runtime/OpenXR/Content/Devices/ValveIndex/BaseTexture.uasset" 508
"../../../Engine/Plugins/Runtime/OpenXR/Content/Devices/ValveIndex/BaseTexture.uexp" 509
"../../../Engine/Plugins/Runtime/OpenXR/Content/Devices/ValveIndex/BaseTexture.ubulk" 510
"../../../Engine/Plugins/Runtime/OpenXR/Content/Devices/ValveIndex/Left/MI_left_ValveIndex.uasset" 511
"../../../Engine/Plugins/Runtime/OpenXR/Content/Devices/ValveIndex/Left/MI_left_ValveIndex.uexp" 512
"../../../Engine/Plugins/Runtime/OpenXR/Content/Devices/ValveIndex/Left/left_ValveIndexController.uasset" 513
"../../../Engine/Plugins/Runtime/OpenXR/Content/Devices/ValveIndex/Left/left_ValveIndexController.uexp" 514
"../../../Engine/Plugins/Runtime/OpenXR/Content/Devices/ValveIndex/Right/MI_right_ValveIndex.uasset" 515
"../../../Engine/Plugins/Runtime/OpenXR/Content/Devices/ValveIndex/Right/MI_right_ValveIndex.uexp" 516
"../../../Engine/Plugins/Runtime/OpenXR/Content/Devices/ValveIndex/Right/right_ValveIndexController.uasset" 517
"../../../Engine/Plugins/Runtime/OpenXR/Content/Devices/ValveIndex/Right/right_ValveIndexController.uexp" 518
"../../../Engine/Content/Functions/Engine_MaterialFunctions02/Utility/BreakOutFloat4Components.uasset" 519
"../../../Engine/Content/Functions/Engine_MaterialFunctions02/Utility/BreakOutFloat4Components.uexp" 520
"../../../Engine/Content/Functions/Engine_MaterialFunctions02/Utility/MakeFloat3.uasset" 521
"../../../Engine/Content/Functions/Engine_MaterialFunctions02/Utility/MakeFloat3.uexp" 522
"../../../Engine/Plugins/Runtime/Oculus/OculusVR/Content/Materials/OculusMR_ChromaKey.uasset" 523
"../../../Engine/Plugins/Runtime/Oculus/OculusVR/Content/Materials/OculusMR_ChromaKey.uexp" 524
"../../../Engine/Plugins/Runtime/Oculus/OculusVR/Content/Materials/OculusMR_OpaqueColoredMaterial.uasset" 525
"../../../Engine/Plugins/Runtime/Oculus/OculusVR/Content/Materials/OculusMR_OpaqueColoredMaterial.uexp" 526
"../../../Engine/Plugins/Runtime/Oculus/OculusVR/Content/Materials/PokeAHoleMaterial.uasset" 527
"../../../Engine/Plugins/Runtime/Oculus/OculusVR/Content/Materials/PokeAHoleMaterial.uexp" 528
"../../../Engine/Plugins/Runtime/Oculus/OculusVR/Content/Textures/touchController_controlmap.uasset" 529
"../../../Engine/Plugins/Runtime/Oculus/OculusVR/Content/Textures/touchController_controlmap.uexp" 530
"../../../Engine/Plugins/Runtime/Oculus/OculusVR/Content/Textures/touchController_controlmap.ubulk" 531
"../../../Engine/Plugins/Runtime/Oculus/OculusVR/Content/Textures/touchController_albedo.uasset" 532
"../../../Engine/Plugins/Runtime/Oculus/OculusVR/Content/Textures/touchController_albedo.uexp" 533
"../../../Engine/Plugins/Runtime/Oculus/OculusVR/Content/Textures/touchController_albedo.ubulk" 534
"../../../Engine/Plugins/Runtime/Oculus/OculusVR/Content/Materials/touchController_mat.uasset" 535
"../../../Engine/Plugins/Runtime/Oculus/OculusVR/Content/Materials/touchController_mat.uexp" 536
"../../../Engine/Plugins/Runtime/Oculus/OculusVR/Content/Meshes/LeftTouchController.uasset" 537
"../../../Engine/Plugins/Runtime/Oculus/OculusVR/Content/Meshes/LeftTouchController.uexp" 538
"../../../Engine/Plugins/Runtime/Oculus/OculusVR/Content/Textures/TouchForQuestRiftSController_albedo.uasset" 539
"../../../Engine/Plugins/Runtime/Oculus/OculusVR/Content/Textures/TouchForQuestRiftSController_albedo.uexp" 540
"../../../Engine/Plugins/Runtime/Oculus/OculusVR/Content/Textures/TouchForQuestRiftSController_albedo.ubulk" 541
"../../../Engine/Plugins/Runtime/Oculus/OculusVR/Content/Materials/TouchForQuestRiftSControllerMaterial.uasset" 542
"../../../Engine/Plugins/Runtime/Oculus/OculusVR/Content/Materials/TouchForQuestRiftSControllerMaterial.uexp" 543
"../../../Engine/Plugins/Runtime/Oculus/OculusVR/Content/Meshes/LeftTouchForQuestRiftSController.uasset" 544
"../../../Engine/Plugins/Runtime/Oculus/OculusVR/Content/Meshes/LeftTouchForQuestRiftSController.uexp" 545
"../../../Engine/Plugins/Runtime/Oculus/OculusVR/Content/Meshes/RiftHMD.uasset" 546
"../../../Engine/Plugins/Runtime/Oculus/OculusVR/Content/Meshes/RiftHMD.uexp" 547
"../../../Engine/Plugins/Runtime/Oculus/OculusVR/Content/Meshes/RightTouchController.uasset" 548
"../../../Engine/Plugins/Runtime/Oculus/OculusVR/Content/Meshes/RightTouchController.uexp" 549
"../../../Engine/Plugins/Runtime/Oculus/OculusVR/Content/Meshes/RightTouchForQuestRiftSController.uasset" 550
"../../../Engine/Plugins/Runtime/Oculus/OculusVR/Content/Meshes/RightTouchForQuestRiftSController.uexp" 551
"../../../Engine/Content/EngineSky/T_Sky_Stars.uasset" 552
"../../../Engine/Content/EngineSky/T_Sky_Stars.uexp" 553
"../../../Engine/Content/EngineSky/T_Sky_Stars.ubulk" 554
"../../../Engine/Content/EngineSky/T_Sky_Clouds_M.uasset" 555
"../../../Engine/Content/EngineSky/T_Sky_Clouds_M.uexp" 556
"../../../Engine/Content/EngineSky/T_Sky_Clouds_M.ubulk" 557
"../../../Engine/Content/EngineSky/T_Sky_Blue.uasset" 558
"../../../Engine/Content/EngineSky/T_Sky_Blue.uexp" 559
"../../../Engine/Content/EngineSky/T_Sky_Blue.ubulk" 560
"../../../Engine/Content/BasicShapes/Sphere.uasset" 561
"../../../Engine/Content/BasicShapes/Sphere.uexp" 562
"../../../Engine/Content/BasicShapes/Cube.uasset" 563
"../../../Engine/Content/BasicShapes/Cube.uexp" 564
"../../../Engine/Content/MaterialTemplates/Textures/T_Noise01.uasset" 565
"../../../Engine/Content/MaterialTemplates/Textures/T_Noise01.uexp" 566
"../../../Engine/Content/MaterialTemplates/Textures/T_Noise01.ubulk" 567
"../../../Engine/Content/Functions/Engine_MaterialFunctions02/Utility/MakeFloat4.uasset" 568
"../../../Engine/Content/Functions/Engine_MaterialFunctions02/Utility/MakeFloat4.uexp" 569
"C:/Users/Georges/Documents/Unreal Projects/ProjectMyrmidon/Content/Art/MPCs/MPC_World.uasset" 570
"C:/Users/Georges/Documents/Unreal Projects/ProjectMyrmidon/Content/Art/MPCs/MPC_World.uexp" 571
"C:/Users/Georges/Documents/Unreal Projects/ProjectMyrmidon/Content/Art/PPFX/PP_Fog.uasset" 572
"C:/Users/Georges/Documents/Unreal Projects/ProjectMyrmidon/Content/Art/PPFX/PP_Fog.uexp" 573
"C:/Users/Georges/Documents/Unreal Projects/ProjectMyrmidon/Content/Art/PPFX/PP_Fog_Inst.uasset" 574
"C:/Users/Georges/Documents/Unreal Projects/ProjectMyrmidon/Content/Art/PPFX/PP_Fog_Inst.uexp" 575
"../../../Engine/Content/Functions/Engine_MaterialFunctions01/Gradient/LinearGradient.uasset" 576
"../../../Engine/Content/Functions/Engine_MaterialFunctions01/Gradient/LinearGradient.uexp" 577
"../../../Engine/Content/Functions/Engine_MaterialFunctions01/ImageAdjustment/CheapContrast.uasset" 578
"../../../Engine/Content/Functions/Engine_MaterialFunctions01/ImageAdjustment/CheapContrast.uexp" 579
"../../../Engine/Content/Functions/Engine_MaterialFunctions01/Texturing/WorldAlignedTexture.uasset" 580
"../../../Engine/Content/Functions/Engine_MaterialFunctions01/Texturing/WorldAlignedTexture.uexp" 581
"../../../Engine/Content/Functions/Engine_MaterialFunctions02/WorldPositionOffset/ObjectPivotPoint.uasset" 582
"../../../Engine/Content/Functions/Engine_MaterialFunctions02/WorldPositionOffset/ObjectPivotPoint.uexp" 583
"C:/Users/Georges/Documents/Unreal Projects/ProjectMyrmidon/Content/Art/Mats/M_Rock.uasset" 584
"C:/Users/Georges/Documents/Unreal Projects/ProjectMyrmidon/Content/Art/Mats/M_Rock.uexp" 585
"../../../Engine/Content/EngineSky/M_Sky_Panning_Clouds2.uasset" 586
"../../../Engine/Content/EngineSky/M_Sky_Panning_Clouds2.uexp" 587
"../../../Engine/Content/BasicShapes/BasicShapeMaterial.uasset" 588
"../../../Engine/Content/BasicShapes/BasicShapeMaterial.uexp" 589
"C:/Users/Georges/Documents/Unreal Projects/ProjectMyrmidon/Content/Art/Mats/M_PlayerTemp.uasset" 590
"C:/Users/Georges/Documents/Unreal Projects/ProjectMyrmidon/Content/Art/Mats/M_PlayerTemp.uexp" 591
"C:/Users/Georges/Documents/Unreal Projects/ProjectMyrmidon/Content/Art/Mats/M_GrappleWood.uasset" 592
"C:/Users/Georges/Documents/Unreal Projects/ProjectMyrmidon/Content/Art/Mats/M_GrappleWood.uexp" 593
"C:/Users/Georges/Documents/Unreal Projects/ProjectMyrmidon/Content/Art/Mats/M_Glider.uasset" 594
"C:/Users/Georges/Documents/Unreal Projects/ProjectMyrmidon/Content/Art/Mats/M_Glider.uexp" 595
"C:/Users/Georges/Documents/Unreal Projects/ProjectMyrmidon/Content/Art/Mats/M_CableMat.uasset" 596
"C:/Users/Georges/Documents/Unreal Projects/ProjectMyrmidon/Content/Art/Mats/M_CableMat.uexp" 597
"C:/Users/Georges/Documents/Unreal Projects/ProjectMyrmidon/Content/Data/Enums/EGliderState.uasset" 598
"C:/Users/Georges/Documents/Unreal Projects/ProjectMyrmidon/Content/Data/Enums/EGliderState.uexp" 599
"C:/Users/Georges/Documents/Unreal Projects/ProjectMyrmidon/Content/Data/Enums/EBaseMovementState.uasset" 600
"C:/Users/Georges/Documents/Unreal Projects/ProjectMyrmidon/Content/Data/Enums/EBaseMovementState.uexp" 601
"C:/Users/Georges/Documents/Unreal Projects/ProjectMyrmidon/Content/Data/Enums/EBaseActionState.uasset" 602
"C:/Users/Georges/Documents/Unreal Projects/ProjectMyrmidon/Content/Data/Enums/EBaseActionState.uexp" 603
"../../../Engine/Content/EditorMaterials/Anchor.uasset" 604
"../../../Engine/Content/EditorMaterials/Anchor.uexp" 605
"C:/Users/Georges/Documents/Unreal Projects/ProjectMyrmidon/Content/BPs/Interfaces/BPI_Base.uasset" 606
"C:/Users/Georges/Documents/Unreal Projects/ProjectMyrmidon/Content/BPs/Interfaces/BPI_Base.uexp" 607
"C:/Users/Georges/Documents/Unreal Projects/ProjectMyrmidon/Content/Art/UImats/M_Speedometer.uasset" 608
"C:/Users/Georges/Documents/Unreal Projects/ProjectMyrmidon/Content/Art/UImats/M_Speedometer.uexp" 609
"C:/Users/Georges/Documents/Unreal Projects/ProjectMyrmidon/Content/Art/UImats/M_SideCompassBG.uasset" 610
"C:/Users/Georges/Documents/Unreal Projects/ProjectMyrmidon/Content/Art/UImats/M_SideCompassBG.uexp" 611
"C:/Users/Georges/Documents/Unreal Projects/ProjectMyrmidon/Content/BPs/HUD.uasset" 612
"C:/Users/Georges/Documents/Unreal Projects/ProjectMyrmidon/Content/BPs/HUD.uexp" 613
"C:/Users/Georges/Documents/Unreal Projects/ProjectMyrmidon/Content/BPs/BP_GrappleHook.uasset" 614
"C:/Users/Georges/Documents/Unreal Projects/ProjectMyrmidon/Content/BPs/BP_GrappleHook.uexp" 615
"C:/Users/Georges/Documents/Unreal Projects/ProjectMyrmidon/Content/BPs/ML_Base.uasset" 616
"C:/Users/Georges/Documents/Unreal Projects/ProjectMyrmidon/Content/BPs/ML_Base.uexp" 617
"../../../Engine/Content/EditorBlueprintResources/StandardMacros.uasset" 618
"../../../Engine/Content/EditorBlueprintResources/StandardMacros.uexp" 619
"C:/Users/Georges/Documents/Unreal Projects/ProjectMyrmidon/Content/BPs/Interfaces/BPI_CameraSys.uasset" 620
"C:/Users/Georges/Documents/Unreal Projects/ProjectMyrmidon/Content/BPs/Interfaces/BPI_CameraSys.uexp" 621
"C:/Users/Georges/Documents/Unreal Projects/ProjectMyrmidon/Content/Art/Meshes/TestSpiritOrig.uasset" 622
"C:/Users/Georges/Documents/Unreal Projects/ProjectMyrmidon/Content/Art/Meshes/TestSpiritOrig.uexp" 623
"C:/Users/Georges/Documents/Unreal Projects/ProjectMyrmidon/Content/BPs/BP_BaseCharacter.uasset" 624
"C:/Users/Georges/Documents/Unreal Projects/ProjectMyrmidon/Content/BPs/BP_BaseCharacter.uexp" 625
"C:/Users/Georges/Documents/Unreal Projects/ProjectMyrmidon/Content/BPs/BP_Player.uasset" 626
"C:/Users/Georges/Documents/Unreal Projects/ProjectMyrmidon/Content/BPs/BP_Player.uexp" 627
"C:/Users/Georges/Documents/Unreal Projects/ProjectMyrmidon/Content/BPs/BP_PlayerCameraSys.uasset" 628
"C:/Users/Georges/Documents/Unreal Projects/ProjectMyrmidon/Content/BPs/BP_PlayerCameraSys.uexp" 629
"C:/Users/Georges/Documents/Unreal Projects/ProjectMyrmidon/Content/BPs/BPC_PlayerController.uasset" 630
"C:/Users/Georges/Documents/Unreal Projects/ProjectMyrmidon/Content/BPs/BPC_PlayerController.uexp" 631
"C:/Users/Georges/Documents/Unreal Projects/ProjectMyrmidon/Content/GMs/GM_Base.uasset" 632
"C:/Users/Georges/Documents/Unreal Projects/ProjectMyrmidon/Content/GMs/GM_Base.uexp" 633
"C:/Users/Georges/Documents/Unreal Projects/ProjectMyrmidon/Content/Art/Mats/M_BallonFiber.uasset" 634
"C:/Users/Georges/Documents/Unreal Projects/ProjectMyrmidon/Content/Art/Mats/M_BallonFiber.uexp" 635
"C:/Users/Georges/Documents/Unreal Projects/ProjectMyrmidon/Content/Art/Meshes/CustomCenterRotator.uasset" 636
"C:/Users/Georges/Documents/Unreal Projects/ProjectMyrmidon/Content/Art/Meshes/CustomCenterRotator.uexp" 637
"../../../Engine/Content/EngineMeshes/Cylinder.uasset" 638
"../../../Engine/Content/EngineMeshes/Cylinder.uexp" 639
"C:/Users/Georges/Documents/Unreal Projects/ProjectMyrmidon/Content/Art/Meshes/SlimBoat.uasset" 640
"C:/Users/Georges/Documents/Unreal Projects/ProjectMyrmidon/Content/Art/Meshes/SlimBoat.uexp" 641
"C:/Users/Georges/Documents/Unreal Projects/ProjectMyrmidon/Content/Art/Meshes/Seat.uasset" 642
"C:/Users/Georges/Documents/Unreal Projects/ProjectMyrmidon/Content/Art/Meshes/Seat.uexp" 643
"C:/Users/Georges/Documents/Unreal Projects/ProjectMyrmidon/Content/BPs/BP_TravellingBoat.uasset" 644
"C:/Users/Georges/Documents/Unreal Projects/ProjectMyrmidon/Content/BPs/BP_TravellingBoat.uexp" 645
"../../../Engine/Content/EngineSky/SM_SkySphere.uasset" 646
"../../../Engine/Content/EngineSky/SM_SkySphere.uexp" 647
"../../../Engine/Content/EngineSky/C_Sky_Zenith_Color.uasset" 648
"../../../Engine/Content/EngineSky/C_Sky_Zenith_Color.uexp" 649
"../../../Engine/Content/EngineSky/C_Sky_Horizon_Color.uasset" 650
"../../../Engine/Content/EngineSky/C_Sky_Horizon_Color.uexp" 651
"../../../Engine/Content/EngineSky/C_Sky_Cloud_Color.uasset" 652
"../../../Engine/Content/EngineSky/C_Sky_Cloud_Color.uexp" 653
"../../../Engine/Content/EngineSky/BP_Sky_Sphere.uasset" 654
"../../../Engine/Content/EngineSky/BP_Sky_Sphere.uexp" 655
"C:/Users/Georges/Documents/Unreal Projects/ProjectMyrmidon/Content/BackupScene.uexp" 656
"C:/Users/Georges/Documents/Unreal Projects/ProjectMyrmidon/Content/BackupScene.umap" 657
"C:/Users/Georges/Documents/Unreal Projects/ProjectMyrmidon/Content/WorldsAdrift_BuiltData.uasset" 658
"C:/Users/Georges/Documents/Unreal Projects/ProjectMyrmidon/Content/WorldsAdrift_BuiltData.uexp" 659
"C:/Users/Georges/Documents/Unreal Projects/ProjectMyrmidon/Content/WorldsAdrift_BuiltData.ubulk" 660
"C:/Users/Georges/Documents/Unreal Projects/ProjectMyrmidon/Content/WorldsAdrift.uexp" 661
"C:/Users/Georges/Documents/Unreal Projects/ProjectMyrmidon/Content/WorldsAdrift.umap" 662
"../../../Engine/Content/Maps/Entry_BuiltData.uasset" 663
"../../../Engine/Content/Maps/Entry_BuiltData.uexp" 664
"../../../Engine/Content/Maps/Entry.uexp" 665
"../../../Engine/Content/Maps/Entry.umap" 666
